<?xml version="1.0" encoding="UTF-8"?>
<testng-results ignored="0" total="1" passed="1" failed="0" skipped="0">
  <reporter-output>
  </reporter-output>
  <suite started-at="2023-05-27T17:25:00 IST" name="Default suite" finished-at="2023-05-27T17:25:22 IST" duration-ms="21598">
    <groups>
    </groups>
    <test started-at="2023-05-27T17:25:00 IST" name="Default test" finished-at="2023-05-27T17:25:22 IST" duration-ms="21598">
      <class name="ai.iamneo.assignmentfour.Testing_Selenium_TestngFour.AppTest">
        <test-method is-config="true" signature="setup(java.lang.String)[pri:0, instance:ai.iamneo.assignmentfour.Testing_Selenium_TestngFour.AppTest@750e2b97]" started-at="2023-05-27T17:24:58 IST" name="setup" finished-at="2023-05-27T17:25:00 IST" duration-ms="1967" status="PASS">
          <params>
            <param index="0">
              <value>
                <![CDATA[chrome]]>
              </value>
            </param>
          </params>
          <reporter-output>
          </reporter-output>
        </test-method> <!-- setup -->
        <test-method is-config="true" signature="openpage()[pri:0, instance:ai.iamneo.assignmentfour.Testing_Selenium_TestngFour.AppTest@750e2b97]" started-at="2023-05-27T17:25:00 IST" name="openpage" finished-at="2023-05-27T17:25:06 IST" duration-ms="5503" status="PASS">
          <reporter-output>
          </reporter-output>
        </test-method> <!-- openpage -->
        <test-method is-config="true" signature="printProductResults()[pri:0, instance:ai.iamneo.assignmentfour.Testing_Selenium_TestngFour.AppTest@750e2b97]" started-at="2023-05-27T17:25:06 IST" name="printProductResults" finished-at="2023-05-27T17:25:09 IST" duration-ms="3828" status="PASS">
          <reporter-output>
          </reporter-output>
        </test-method> <!-- printProductResults -->
        <test-method is-config="true" signature="printNthProduct()[pri:0, instance:ai.iamneo.assignmentfour.Testing_Selenium_TestngFour.AppTest@750e2b97]" started-at="2023-05-27T17:25:09 IST" name="printNthProduct" finished-at="2023-05-27T17:25:10 IST" duration-ms="513" status="PASS">
          <reporter-output>
          </reporter-output>
        </test-method> <!-- printNthProduct -->
        <test-method signature="printAllProductsOnFirstPage()[pri:0, instance:ai.iamneo.assignmentfour.Testing_Selenium_TestngFour.AppTest@750e2b97]" started-at="2023-05-27T17:25:10 IST" name="printAllProductsOnFirstPage" finished-at="2023-05-27T17:25:11 IST" duration-ms="1034" status="PASS">
          <reporter-output>
          </reporter-output>
        </test-method> <!-- printAllProductsOnFirstPage -->
        <test-method is-config="true" signature="printAllProductsWithScrollDown()[pri:0, instance:ai.iamneo.assignmentfour.Testing_Selenium_TestngFour.AppTest@750e2b97]" started-at="2023-05-27T17:25:11 IST" name="printAllProductsWithScrollDown" finished-at="2023-05-27T17:25:17 IST" duration-ms="5665" status="PASS">
          <reporter-output>
          </reporter-output>
        </test-method> <!-- printAllProductsWithScrollDown -->
        <test-method is-config="true" signature="scrollDown()[pri:0, instance:ai.iamneo.assignmentfour.Testing_Selenium_TestngFour.AppTest@750e2b97]" started-at="2023-05-27T17:25:17 IST" name="scrollDown" finished-at="2023-05-27T17:25:22 IST" duration-ms="5015" status="PASS">
          <reporter-output>
          </reporter-output>
        </test-method> <!-- scrollDown -->
      </class> <!-- ai.iamneo.assignmentfour.Testing_Selenium_TestngFour.AppTest -->
    </test> <!-- Default test -->
  </suite> <!-- Default suite -->
</testng-results>
